<?xml version="1.0" encoding="UTF-8"?>
<testng-results ignored="0" total="2" passed="2" failed="0" skipped="0">
  <reporter-output>
  </reporter-output>
  <suite started-at="2022-01-21T10:29:03 IST" name="Suite" finished-at="2022-01-21T10:29:03 IST" duration-ms="24">
    <groups>
    </groups>
    <test started-at="2022-01-21T10:29:03 IST" name="Test" finished-at="2022-01-21T10:29:03 IST" duration-ms="24">
      <class name="qaclickacademy.MavenJava.SeleniumTest">
        <test-method signature="BrowserAuto()[pri:0, instance:qaclickacademy.MavenJava.SeleniumTest@696da30b]" started-at="2022-01-21T10:29:03 IST" name="BrowserAuto" finished-at="2022-01-21T10:29:03 IST" duration-ms="2" status="PASS">
          <reporter-output>
          </reporter-output>
        </test-method> <!-- BrowserAuto -->
        <test-method signature="ElementsUI()[pri:0, instance:qaclickacademy.MavenJava.SeleniumTest@696da30b]" started-at="2022-01-21T10:29:03 IST" name="ElementsUI" finished-at="2022-01-21T10:29:03 IST" duration-ms="0" status="PASS">
          <reporter-output>
          </reporter-output>
        </test-method> <!-- ElementsUI -->
      </class> <!-- qaclickacademy.MavenJava.SeleniumTest -->
    </test> <!-- Test -->
  </suite> <!-- Suite -->
</testng-results>
