<?xml version="1.0" encoding="UTF-8"?>
<testng-results ignored="0" total="1" passed="1" failed="0" skipped="0">
  <reporter-output>
  </reporter-output>
  <suite started-at="2022-01-20T12:01:26 IST" name="Default suite" finished-at="2022-01-20T12:01:26 IST" duration-ms="25">
    <groups>
    </groups>
    <test started-at="2022-01-20T12:01:26 IST" name="Default test" finished-at="2022-01-20T12:01:26 IST" duration-ms="25">
      <class name="qaclickacademy.MavenJava.SeleniumTest">
        <test-method signature="BrowserAuto()[pri:0, instance:qaclickacademy.MavenJava.SeleniumTest@71238fc2]" started-at="2022-01-20T12:01:26 IST" name="BrowserAuto" finished-at="2022-01-20T12:01:26 IST" duration-ms="5" status="PASS">
          <reporter-output>
          </reporter-output>
        </test-method> <!-- BrowserAuto -->
      </class> <!-- qaclickacademy.MavenJava.SeleniumTest -->
    </test> <!-- Default test -->
  </suite> <!-- Default suite -->
</testng-results>
