<?xml version="1.0" encoding="UTF-8"?>
<testng-results ignored="0" total="2" passed="2" failed="0" skipped="0">
  <reporter-output>
  </reporter-output>
  <suite started-at="2022-02-08T17:58:57 IST" name="Default suite" finished-at="2022-02-08T17:58:57 IST" duration-ms="30">
    <groups>
    </groups>
    <test started-at="2022-02-08T17:58:57 IST" name="Default test" finished-at="2022-02-08T17:58:57 IST" duration-ms="30">
      <class name="qaclickacademy.MavenJava.SeleniumTest">
        <test-method signature="BrowserAuto()[pri:0, instance:qaclickacademy.MavenJava.SeleniumTest@71238fc2]" started-at="2022-02-08T17:58:57 IST" name="BrowserAuto" finished-at="2022-02-08T17:58:57 IST" duration-ms="5" status="PASS">
          <reporter-output>
          </reporter-output>
        </test-method> <!-- BrowserAuto -->
        <test-method signature="ElementsUI()[pri:0, instance:qaclickacademy.MavenJava.SeleniumTest@71238fc2]" started-at="2022-02-08T17:58:57 IST" name="ElementsUI" finished-at="2022-02-08T17:58:57 IST" duration-ms="1" status="PASS">
          <reporter-output>
          </reporter-output>
        </test-method> <!-- ElementsUI -->
      </class> <!-- qaclickacademy.MavenJava.SeleniumTest -->
    </test> <!-- Default test -->
  </suite> <!-- Default suite -->
</testng-results>
